<?xml version="1.0" encoding="UTF-8"?>
<!-- Generated by org.testng.reporters.JUnitReportReporter -->
<testsuite hostname="INBook_X1" failures="0" tests="1" name="testCaseRepo.TC_002" time="153.304" errors="0" timestamp="2025-03-22T15:31:12 IST" skipped="0">
  <testcase classname="testCaseRepo.TC_002" name="LE_002" time="153.304"/>
  <system-out>
    <![CDATA[LE_002->On Test start
LE_002->On Test success]]>
  </system-out>
</testsuite> <!-- testCaseRepo.TC_002 -->
