<?xml version="1.0" encoding="UTF-8"?>
<!-- Generated by org.testng.reporters.JUnitReportReporter -->
<testsuite hostname="INBook_X1" failures="0" tests="1" name="testCaseRepo.TC_005" time="153.477" errors="0" timestamp="2025-03-22T15:31:12 IST" skipped="0">
  <testcase classname="testCaseRepo.TC_005" name="CON_002" time="153.477"/>
  <system-out>
    <![CDATA[CON_002->On Test start
CON_002->On Test success]]>
  </system-out>
</testsuite> <!-- testCaseRepo.TC_005 -->
