<?xml version="1.0" encoding="UTF-8"?>
<!-- Generated by org.testng.reporters.JUnitReportReporter -->
<testsuite hostname="INBook_X1" failures="0" tests="1" name="testCaseRepo.TC_003" time="70.947" errors="0" timestamp="2025-03-22T14:41:07 IST" skipped="0">
  <testcase classname="testCaseRepo.TC_003" name="LE_003" time="70.947"/>
  <system-out>
    <![CDATA[LE_003->On Test start
LE_003->On Test success]]>
  </system-out>
</testsuite> <!-- testCaseRepo.TC_003 -->
