<?xml version="1.0" encoding="UTF-8"?>
<!-- Generated by org.testng.reporters.JUnitReportReporter -->
<testsuite hostname="INBook_X1" failures="0" tests="5" name="sample.TestNGPractice" time="0.033" errors="0" timestamp="2025-03-13T16:11:16 IST" skipped="0">
  <testcase classname="sample.TestNGPractice" name="createUser" time="0.002"/>
  <testcase classname="sample.TestNGPractice" name="createUser" time="0.017"/>
  <testcase classname="sample.TestNGPractice" name="createUser" time="0.007"/>
  <testcase classname="sample.TestNGPractice" name="modifyUser" time="0.004"/>
  <testcase classname="sample.TestNGPractice" name="deleteUser" time="0.003"/>
</testsuite> <!-- sample.TestNGPractice -->
