<?xml version="1.0" encoding="UTF-8"?>
<!-- Generated by org.testng.reporters.JUnitReportReporter -->
<testsuite hostname="INBook_X1" failures="0" tests="1" name="sample.AnnotationPractice" time="0.009" errors="0" timestamp="2025-03-18T17:41:45 IST" skipped="0">
  <testcase classname="sample.AnnotationPractice" name="test" time="0.009"/>
</testsuite> <!-- sample.AnnotationPractice -->
