<?xml version="1.0" encoding="UTF-8"?>
<!-- Generated by org.testng.reporters.JUnitReportReporter -->
<testsuite hostname="INBook_X1" failures="0" tests="1" name="testCaseRepo.TC_004" time="33.640" errors="0" timestamp="2025-03-28T10:11:20 IST" skipped="0">
  <testcase classname="testCaseRepo.TC_004" name="CON_001" time="33.640"/>
  <system-out>
    <![CDATA[LE_001->On Test start
LE_001->On Test success
demo->On Test start
demo->On Test success]]>
  </system-out>
</testsuite> <!-- testCaseRepo.TC_004 -->
