<?xml version="1.0" encoding="UTF-8"?>
<!-- Generated by org.testng.reporters.JUnitReportReporter -->
<testsuite hostname="INBook_X1" failures="0" tests="1" name="testCaseRepo.TC_006" time="76.407" errors="0" timestamp="2025-03-28T10:09:37 IST" skipped="0">
  <testcase classname="testCaseRepo.TC_006" name="CON_003" time="76.407">
    <system-out>
      <![CDATA[CON_003->On Test start
CON_003->On Test success]]>
    </system-out>
  </testcase> <!-- CON_003 -->
  <system-out>
    <![CDATA[CON_002->On Test start
LE_001->On Test start
LE_002->On Test start
CON_003->On Test start
CON_001->On Test start
CON_002->On Test success
LE_001->On Test success
LE_002->On Test success
CON_001->On Test success
CON_003->On Test success
demo->On Test start
demo->On Test success]]>
  </system-out>
</testsuite> <!-- testCaseRepo.TC_006 -->
