<?xml version="1.0" encoding="UTF-8"?>
<!-- Generated by org.testng.reporters.JUnitReportReporter -->
<testsuite hostname="INBook_X1" failures="0" tests="2" name="testCaseRepo.Test_TC_001" time="50.318" errors="0" timestamp="2025-03-28T10:11:20 IST" skipped="0">
  <testcase classname="testCaseRepo.Test_TC_001" name="demo" time="4.304">
    <system-out>
      <![CDATA[demo->On Test start
demo->On Test success]]>
    </system-out>
  </testcase> <!-- demo -->
  <testcase classname="testCaseRepo.Test_TC_001" name="LE_001" time="46.014">
    <system-out>
      <![CDATA[LE_001->On Test start
LE_001->On Test success]]>
    </system-out>
  </testcase> <!-- LE_001 -->
  <system-out>
    <![CDATA[LE_001->On Test start
LE_001->On Test success
demo->On Test start
demo->On Test success]]>
  </system-out>
</testsuite> <!-- testCaseRepo.Test_TC_001 -->
