<?xml version="1.0" encoding="UTF-8"?>
<!-- Generated by org.testng.reporters.JUnitReportReporter -->
<testsuite hostname="INBook_X1" failures="0" tests="5" name="sample.TestNGPractice" time="0.043" errors="0" timestamp="2025-03-25T15:52:37 IST" skipped="0">
  <testcase classname="sample.TestNGPractice" name="createUser" time="0.013"/>
  <testcase classname="sample.TestNGPractice" name="createUser" time="0.000"/>
  <testcase classname="sample.TestNGPractice" name="createUser" time="0.020"/>
  <testcase classname="sample.TestNGPractice" name="modifyUser" time="0.006"/>
  <testcase classname="sample.TestNGPractice" name="deleteUser" time="0.004"/>
</testsuite> <!-- sample.TestNGPractice -->
