<?xml version="1.0" encoding="UTF-8"?>
<!-- Generated by org.testng.reporters.JUnitReportReporter -->
<testsuite hostname="INBook_X1" failures="0" tests="1" name="testCaseRepo.TC_003" time="69.782" errors="0" timestamp="2025-03-28T09:56:45 IST" skipped="0">
  <testcase classname="testCaseRepo.TC_003" name="LE_003" time="69.782">
    <system-out>
      <![CDATA[LE_003->On Test start
LE_003->On Test success]]>
    </system-out>
  </testcase> <!-- LE_003 -->
  <system-out>
    <![CDATA[LE_003->On Test start
LE_003->On Test success
LE_002->On Test start
LE_002->On Test success
CON_001->On Test start
CON_001->On Test success]]>
  </system-out>
</testsuite> <!-- testCaseRepo.TC_003 -->
